<?xml version="1.0" encoding="UTF-8"?>
<!-- Generated by org.testng.reporters.JUnitReportReporter -->
<testsuite hostname="alexjosephs-MacBook-Pro.local" failures="0" tests="1" name="com.itlearn.testcases.DashboardTest" time="7.457" errors="0" timestamp="2023-10-20T09:29:09 EDT" skipped="0">
  <testcase classname="com.itlearn.testcases.DashboardTest" name="checkDashboard" time="7.457"/>
  <system-out/>
</testsuite> <!-- com.itlearn.testcases.DashboardTest -->
