<?xml version="1.0" encoding="UTF-8"?>
<!-- Generated by org.testng.reporters.JUnitReportReporter -->
<testsuite hostname="alexjosephs-MacBook-Pro.local" failures="0" tests="1" name="com.itlearn.testcases.TestDemo" time="0.006" errors="0" timestamp="2023-06-22T12:23:20 EDT" skipped="0">
  <testcase classname="com.itlearn.testcases.TestDemo" name="runTest" time="0.006"/>
  <system-out/>
</testsuite> <!-- com.itlearn.testcases.TestDemo -->
