<?xml version="1.0" encoding="UTF-8"?>
<!-- Generated by org.testng.reporters.JUnitReportReporter -->
<testsuite hostname="alexjosephs-MacBook-Pro.local" failures="0" tests="1" name="com.itlearn.testcases.PaymentDataDriven" time="11.495" errors="0" timestamp="2023-10-26T10:32:08 EDT" skipped="0">
  <testcase classname="com.itlearn.testcases.PaymentDataDriven" name="makePayment" time="11.495"/>
  <system-out/>
</testsuite> <!-- com.itlearn.testcases.PaymentDataDriven -->
