<?xml version="1.0" encoding="UTF-8"?>
<!-- Generated by org.testng.reporters.JUnitReportReporter -->
<testsuite hostname="alexjosephs-MacBook-Pro.local" failures="0" tests="1" name="com.itlearn.testcases.MyCoursesTest" time="8.001" errors="0" timestamp="2023-10-19T11:42:39 EDT" skipped="0">
  <testcase classname="com.itlearn.testcases.MyCoursesTest" name="checkMyCoursesPage" time="8.001"/>
  <system-out/>
</testsuite> <!-- com.itlearn.testcases.MyCoursesTest -->
