<?xml version="1.0" encoding="UTF-8"?>
<!-- Generated by org.testng.reporters.JUnitReportReporter -->
<testsuite hostname="alexjosephs-MacBook-Pro.local" failures="0" tests="1" name="com.itlearn.testcases.MyCareerPathsTest" time="7.886" errors="0" timestamp="2023-10-20T10:50:01 EDT" skipped="0">
  <testcase classname="com.itlearn.testcases.MyCareerPathsTest" name="checkMyCareerPaths" time="7.886"/>
  <system-out/>
</testsuite> <!-- com.itlearn.testcases.MyCareerPathsTest -->
