<?xml version="1.0" encoding="UTF-8"?>
<!-- Generated by org.testng.reporters.JUnitReportReporter -->
<testsuite hostname="alexjosephs-MacBook-Pro.local" failures="0" tests="1" name="com.itlearn.testcases.MyQuestionsTest" time="8.454" errors="0" timestamp="2023-10-26T11:28:20 EDT" skipped="0">
  <testcase classname="com.itlearn.testcases.MyQuestionsTest" name="checkMyQuestions" time="8.454"/>
  <system-out/>
</testsuite> <!-- com.itlearn.testcases.MyQuestionsTest -->
