<?xml version="1.0" encoding="UTF-8"?>
<!-- Generated by org.testng.reporters.JUnitReportReporter -->
<testsuite hostname="alexjosephs-MacBook-Pro.local" failures="0" tests="1" name="com.itlearn.testcases.MyToDoListsTest" time="8.378" errors="0" timestamp="2023-10-20T09:43:42 EDT" skipped="0">
  <testcase classname="com.itlearn.testcases.MyToDoListsTest" name="checkMyToDoLists" time="8.378"/>
  <system-out/>
</testsuite> <!-- com.itlearn.testcases.MyToDoListsTest -->
