<?xml version="1.0" encoding="UTF-8"?>
<!-- Generated by org.testng.reporters.JUnitReportReporter -->
<testsuite hostname="alexjosephs-MacBook-Pro.local" failures="0" tests="1" name="com.itlearn.testcases.SearchTest" time="6.911" errors="0" timestamp="2023-10-18T12:20:17 EDT" skipped="0">
  <testcase classname="com.itlearn.testcases.SearchTest" name="testSearch" time="6.911"/>
  <system-out/>
</testsuite> <!-- com.itlearn.testcases.SearchTest -->
